           0  -4.0000000000000000     
           1  -8.0000000000000000     
           2  -16.000000000000000     
           3  -18.000000000000000     
           4  -26.000000000000000     
           5  -26.000000000000000     
           6  -30.000000000000000     
           7  -34.000000000000000     
           8  -42.000000000000000     
           9  -50.000000000000000     
          10  -54.000000000000000     
          11  -54.000000000000000     
          12  -58.000000000000000     
          13  -62.000000000000000     
          14  -70.000000000000000     
          15  -70.000000000000000     
          16  -74.000000000000000     
          17  -78.000000000000000     
          18  -78.000000000000000     
          19  -80.000000000000000     
          20  -80.000000000000000     
          21  -84.000000000000000     
          22  -84.000000000000000     
          23  -88.000000000000000     
          24  -90.000000000000000     
          25  -98.000000000000000     
          26  -98.000000000000000     
          27  -98.000000000000000     
          28  -100.00000000000000     
          29  -100.00000000000000     
          30  -100.00000000000000     
          31  -104.00000000000000     
          32  -104.00000000000000     
          33  -104.00000000000000     
          34  -104.00000000000000     
          35  -104.00000000000000     
          36  -108.00000000000000     
          37  -108.00000000000000     
          38  -108.00000000000000     
          39  -112.00000000000000     
          40  -112.00000000000000     
          41  -112.00000000000000     
          42  -112.00000000000000     
          43  -112.00000000000000     
          44  -112.00000000000000     
          45  -116.00000000000000     
          46  -118.00000000000000     
          47  -118.00000000000000     
          48  -118.00000000000000     
          49  -118.00000000000000     
          50  -118.00000000000000     
          51  -118.00000000000000     
          52  -118.00000000000000     
          53  -122.00000000000000     
          54  -122.00000000000000     
          55  -130.00000000000000     
          56  -132.00000000000000     
          57  -132.00000000000000     
          58  -132.00000000000000     
          59  -132.00000000000000     
          60  -132.00000000000000     
          61  -132.00000000000000     
          62  -132.00000000000000     
          63  -132.00000000000000     
          64  -132.00000000000000     
          65  -132.00000000000000     
          66  -132.00000000000000     
          67  -132.00000000000000     
          68  -140.00000000000000     
          69  -140.00000000000000     
          70  -140.00000000000000     
          71  -140.00000000000000     
          72  -142.00000000000000     
          73  -142.00000000000000     
          74  -142.00000000000000     
          75  -142.00000000000000     
          76  -142.00000000000000     
          77  -142.00000000000000     
          78  -142.00000000000000     
          79  -142.00000000000000     
          80  -142.00000000000000     
          81  -142.00000000000000     
          82  -142.00000000000000     
          83  -142.00000000000000     
          84  -142.00000000000000     
          85  -142.00000000000000     
          86  -142.00000000000000     
          87  -142.00000000000000     
          88  -142.00000000000000     
          89  -142.00000000000000     
          90  -142.00000000000000     
          91  -142.00000000000000     
          92  -142.00000000000000     
          93  -144.00000000000000     
          94  -144.00000000000000     
          95  -144.00000000000000     
          96  -144.00000000000000     
          97  -144.00000000000000     
          98  -144.00000000000000     
          99  -144.00000000000000     
         100  -144.00000000000000     
         101  -148.00000000000000     
         102  -148.00000000000000     
         103  -148.00000000000000     
         104  -148.00000000000000     
         105  -148.00000000000000     
         106  -148.00000000000000     
         107  -148.00000000000000     
         108  -148.00000000000000     
         109  -148.00000000000000     
         110  -148.00000000000000     
         111  -149.00000000000000     
         112  -149.00000000000000     
         113  -149.00000000000000     
         114  -149.00000000000000     
         115  -149.00000000000000     
         116  -149.00000000000000     
         117  -149.00000000000000     
         118  -152.00000000000000     
         119  -152.00000000000000     
         120  -152.00000000000000     
         121  -152.00000000000000     
         122  -152.00000000000000     
         123  -154.00000000000000     
         124  -154.00000000000000     
         125  -154.00000000000000     
         126  -154.00000000000000     
         127  -154.00000000000000     
         128  -154.00000000000000     
         129  -154.00000000000000     
         130  -154.00000000000000     
         131  -154.00000000000000     
         132  -155.00000000000000     
         133  -155.00000000000000     
         134  -155.00000000000000     
         135  -155.00000000000000     
         136  -155.00000000000000     
         137  -155.00000000000000     
         138  -155.00000000000000     
         139  -155.00000000000000     
         140  -155.00000000000000     
         141  -155.00000000000000     
         142  -155.00000000000000     
         143  -155.00000000000000     
         144  -155.00000000000000     
         145  -155.00000000000000     
         146  -154.00000000000000     
         147  -154.00000000000000     
         148  -154.00000000000000     
         149  -154.00000000000000     
         150  -154.00000000000000     
         151  -154.00000000000000     
         152  -154.00000000000000     
         153  -154.00000000000000     
         154  -154.00000000000000     
         155  -154.00000000000000     
         156  -154.00000000000000     
         157  -154.00000000000000     
         158  -154.00000000000000     
         159  -154.00000000000000     
         160  -154.00000000000000     
         161  -154.00000000000000     
         162  -154.00000000000000     
         163  -154.00000000000000     
         164  -154.00000000000000     
         165  -154.00000000000000     
         166  -154.00000000000000     
         167  -154.00000000000000     
         168  -154.00000000000000     
         169  -154.00000000000000     
         170  -154.00000000000000     
         171  -154.00000000000000     
         172  -154.00000000000000     
         173  -154.00000000000000     
         174  -154.00000000000000     
         175  -154.00000000000000     
         176  -154.00000000000000     
         177  -154.00000000000000     
         178  -154.00000000000000     
         179  -154.00000000000000     
         180  -154.00000000000000     
         181  -154.00000000000000     
         182  -154.00000000000000     
         183  -154.00000000000000     
         184  -154.00000000000000     
         185  -154.00000000000000     
         186  -154.00000000000000     
         187  -154.00000000000000     
         188  -154.00000000000000     
         189  -154.00000000000000     
         190  -154.00000000000000     
         191  -154.00000000000000     
         192  -154.00000000000000     
         193  -154.00000000000000     
         194  -154.00000000000000     
         195  -154.00000000000000     
         196  -154.00000000000000     
         197  -155.00000000000000     
         198  -155.00000000000000     
         199  -155.00000000000000     
         200  -155.00000000000000     
         201  -155.00000000000000     
         202  -155.00000000000000     
         203  -155.00000000000000     
         204  -155.00000000000000     
         205  -155.00000000000000     
         206  -155.00000000000000     
         207  -155.00000000000000     
         208  -155.00000000000000     
         209  -155.00000000000000     
         210  -156.00000000000000     
         211  -156.00000000000000     
         212  -156.00000000000000     
         213  -156.00000000000000     
         214  -157.00000000000000     
         215  -157.00000000000000     
         216  -157.00000000000000     
         217  -157.00000000000000     
         218  -157.00000000000000     
         219  -157.00000000000000     
         220  -157.00000000000000     
         221  -157.00000000000000     
         222  -157.00000000000000     
         223  -157.00000000000000     
         224  -157.00000000000000     
         225  -157.00000000000000     
         226  -157.00000000000000     
         227  -157.00000000000000     
         228  -157.00000000000000     
         229  -157.00000000000000     
         230  -157.00000000000000     
         231  -157.00000000000000     
         232  -157.00000000000000     
         233  -157.00000000000000     
         234  -157.00000000000000     
         235  -157.00000000000000     
         236  -157.00000000000000     
         237  -157.00000000000000     
         238  -157.00000000000000     
         239  -157.00000000000000     
         240  -157.00000000000000     
         241  -157.00000000000000     
         242  -157.00000000000000     
         243  -157.00000000000000     
         244  -157.00000000000000     
         245  -157.00000000000000     
         246  -157.00000000000000     
         247  -157.00000000000000     
         248  -157.00000000000000     
         249  -157.00000000000000     
         250  -157.00000000000000     
         251  -157.00000000000000     
         252  -157.00000000000000     
         253  -157.00000000000000     
         254  -157.00000000000000     
         255  -157.00000000000000     
         256  -157.00000000000000     
         257  -157.00000000000000     
         258  -157.00000000000000     
         259  -157.00000000000000     
         260  -157.00000000000000     
         261  -157.00000000000000     
         262  -157.00000000000000     
         263  -157.00000000000000     
         264  -157.00000000000000     
         265  -157.00000000000000     
         266  -158.00000000000000     
         267  -158.00000000000000     
         268  -158.00000000000000     
         269  -158.00000000000000     
         270  -158.00000000000000     
         271  -159.00000000000000     
         272  -159.00000000000000     
         273  -159.00000000000000     
         274  -159.00000000000000     
         275  -159.00000000000000     
         276  -159.00000000000000     
         277  -159.00000000000000     
         278  -159.00000000000000     
         279  -159.00000000000000     
         280  -159.00000000000000     
         281  -159.00000000000000     
         282  -159.00000000000000     
         283  -159.00000000000000     
         284  -159.00000000000000     
         285  -159.00000000000000     
         286  -159.00000000000000     
         287  -159.00000000000000     
         288  -159.00000000000000     
         289  -159.00000000000000     
         290  -159.00000000000000     
         291  -159.00000000000000     
         292  -160.00000000000000     
         293  -160.00000000000000     
         294  -160.00000000000000     
         295  -160.00000000000000     
         296  -160.00000000000000     
         297  -160.00000000000000     
         298  -160.00000000000000     
         299  -161.00000000000000     
         300  -162.00000000000000     
         301  -162.00000000000000     
         302  -162.00000000000000     
         303  -162.00000000000000     
         304  -162.00000000000000     
         305  -162.00000000000000     
         306  -163.00000000000000     
         307  -163.00000000000000     
         308  -163.00000000000000     
         309  -164.00000000000000     
         310  -164.00000000000000     
         311  -164.00000000000000     
         312  -164.00000000000000     
         313  -164.00000000000000     
         314  -164.00000000000000     
         315  -164.00000000000000     
         316  -164.00000000000000     
         317  -164.00000000000000     
         318  -164.00000000000000     
         319  -164.00000000000000     
         320  -164.00000000000000     
         321  -164.00000000000000     
         322  -164.00000000000000     
         323  -164.00000000000000     
         324  -164.00000000000000     
         325  -164.00000000000000     
         326  -164.00000000000000     
         327  -164.00000000000000     
         328  -164.00000000000000     
         329  -164.00000000000000     
         330  -164.00000000000000     
         331  -164.00000000000000     
         332  -164.00000000000000     
         333  -164.00000000000000     
         334  -164.00000000000000     
         335  -164.00000000000000     
         336  -164.00000000000000     
         337  -164.00000000000000     
         338  -164.00000000000000     
         339  -164.00000000000000     
         340  -164.00000000000000     
         341  -164.00000000000000     
         342  -164.00000000000000     
         343  -164.00000000000000     
         344  -164.00000000000000     
         345  -164.00000000000000     
         346  -164.00000000000000     
         347  -164.00000000000000     
         348  -164.00000000000000     
         349  -164.00000000000000     
         350  -164.00000000000000     
         351  -164.00000000000000     
         352  -164.00000000000000     
         353  -164.00000000000000     
         354  -164.00000000000000     
         355  -164.00000000000000     
         356  -164.00000000000000     
         357  -164.00000000000000     
         358  -164.00000000000000     
         359  -164.00000000000000     
         360  -164.00000000000000     
         361  -164.00000000000000     
         362  -164.00000000000000     
         363  -164.00000000000000     
         364  -164.00000000000000     
         365  -164.00000000000000     
         366  -164.00000000000000     
         367  -164.00000000000000     
         368  -164.00000000000000     
         369  -164.00000000000000     
         370  -164.00000000000000     
         371  -164.00000000000000     
         372  -164.00000000000000     
         373  -164.00000000000000     
         374  -164.00000000000000     
         375  -162.00000000000000     
         376  -162.00000000000000     
         377  -162.00000000000000     
         378  -162.00000000000000     
         379  -162.00000000000000     
         380  -162.00000000000000     
         381  -162.00000000000000     
         382  -162.00000000000000     
         383  -162.00000000000000     
         384  -162.00000000000000     
         385  -162.00000000000000     
         386  -162.00000000000000     
         387  -162.00000000000000     
         388  -162.00000000000000     
         389  -162.00000000000000     
         390  -162.00000000000000     
         391  -162.00000000000000     
         392  -162.00000000000000     
         393  -162.00000000000000     
         394  -162.00000000000000     
         395  -162.00000000000000     
         396  -162.00000000000000     
         397  -161.00000000000000     
         398  -162.00000000000000     
         399  -162.00000000000000     
         400  -163.00000000000000     
         401  -163.00000000000000     
         402  -163.00000000000000     
         403  -163.00000000000000     
         404  -163.00000000000000     
         405  -163.00000000000000     
         406  -164.00000000000000     
         407  -164.00000000000000     
         408  -164.00000000000000     
         409  -164.00000000000000     
         410  -164.00000000000000     
         411  -164.00000000000000     
         412  -164.00000000000000     
         413  -164.00000000000000     
         414  -164.00000000000000     
         415  -164.00000000000000     
         416  -164.00000000000000     
         417  -164.00000000000000     
         418  -164.00000000000000     
         419  -164.00000000000000     
         420  -164.00000000000000     
         421  -164.00000000000000     
         422  -164.00000000000000     
         423  -165.00000000000000     
         424  -165.00000000000000     
         425  -165.00000000000000     
         426  -165.00000000000000     
         427  -165.00000000000000     
         428  -165.00000000000000     
         429  -165.00000000000000     
         430  -165.00000000000000     
         431  -165.00000000000000     
         432  -165.00000000000000     
         433  -165.00000000000000     
         434  -165.00000000000000     
         435  -165.00000000000000     
         436  -165.00000000000000     
         437  -165.00000000000000     
         438  -165.00000000000000     
         439  -165.00000000000000     
         440  -165.00000000000000     
         441  -165.00000000000000     
         442  -165.00000000000000     
         443  -165.00000000000000     
         444  -165.00000000000000     
         445  -165.00000000000000     
         446  -165.00000000000000     
         447  -165.00000000000000     
         448  -165.00000000000000     
         449  -165.00000000000000     
         450  -165.00000000000000     
         451  -166.00000000000000     
         452  -166.00000000000000     
         453  -166.00000000000000     
         454  -167.00000000000000     
         455  -167.00000000000000     
         456  -167.00000000000000     
         457  -167.00000000000000     
         458  -167.00000000000000     
         459  -167.00000000000000     
         460  -167.00000000000000     
         461  -167.00000000000000     
         462  -167.00000000000000     
         463  -168.00000000000000     
         464  -168.00000000000000     
         465  -167.00000000000000     
         466  -167.00000000000000     
         467  -167.00000000000000     
         468  -167.00000000000000     
         469  -167.00000000000000     
         470  -167.00000000000000     
         471  -167.00000000000000     
         472  -167.00000000000000     
         473  -167.00000000000000     
         474  -167.00000000000000     
         475  -167.00000000000000     
         476  -167.00000000000000     
         477  -167.00000000000000     
         478  -167.00000000000000     
         479  -167.00000000000000     
         480  -167.00000000000000     
         481  -167.00000000000000     
         482  -168.00000000000000     
         483  -168.00000000000000     
         484  -168.00000000000000     
         485  -168.00000000000000     
         486  -168.00000000000000     
         487  -168.00000000000000     
         488  -168.00000000000000     
         489  -168.00000000000000     
         490  -168.00000000000000     
         491  -168.00000000000000     
         492  -168.00000000000000     
         493  -168.00000000000000     
         494  -168.00000000000000     
         495  -168.00000000000000     
         496  -168.00000000000000     
         497  -168.00000000000000     
         498  -168.00000000000000     
         499  -168.00000000000000     
         500  -168.00000000000000     
         501  -168.00000000000000     
         502  -168.00000000000000     
         503  -168.00000000000000     
         504  -168.00000000000000     
         505  -168.00000000000000     
         506  -168.00000000000000     
         507  -168.00000000000000     
         508  -168.00000000000000     
         509  -168.00000000000000     
         510  -168.00000000000000     
         511  -169.00000000000000     
         512  -169.00000000000000     
         513  -169.00000000000000     
         514  -170.00000000000000     
         515  -172.00000000000000     
         516  -172.00000000000000     
         517  -172.00000000000000     
         518  -172.00000000000000     
         519  -172.00000000000000     
         520  -172.00000000000000     
         521  -172.00000000000000     
         522  -172.00000000000000     
         523  -172.00000000000000     
         524  -172.00000000000000     
         525  -172.00000000000000     
         526  -172.00000000000000     
         527  -172.00000000000000     
         528  -172.00000000000000     
         529  -172.00000000000000     
         530  -172.00000000000000     
         531  -172.00000000000000     
         532  -172.00000000000000     
         533  -172.00000000000000     
         534  -172.00000000000000     
         535  -172.00000000000000     
         536  -172.00000000000000     
         537  -172.00000000000000     
         538  -172.00000000000000     
         539  -172.00000000000000     
         540  -172.00000000000000     
         541  -172.00000000000000     
         542  -172.00000000000000     
         543  -172.00000000000000     
         544  -172.00000000000000     
         545  -172.00000000000000     
         546  -172.00000000000000     
         547  -172.00000000000000     
         548  -172.00000000000000     
         549  -172.00000000000000     
         550  -172.00000000000000     
         551  -172.00000000000000     
         552  -172.00000000000000     
         553  -172.00000000000000     
         554  -172.00000000000000     
         555  -173.00000000000000     
         556  -173.00000000000000     
         557  -173.00000000000000     
         558  -173.00000000000000     
         559  -173.00000000000000     
         560  -173.00000000000000     
         561  -173.00000000000000     
         562  -173.00000000000000     
         563  -173.00000000000000     
         564  -173.00000000000000     
         565  -173.00000000000000     
         566  -173.00000000000000     
         567  -173.00000000000000     
         568  -173.00000000000000     
         569  -173.00000000000000     
         570  -173.00000000000000     
         571  -173.00000000000000     
         572  -173.00000000000000     
         573  -173.00000000000000     
         574  -173.00000000000000     
         575  -173.00000000000000     
         576  -173.00000000000000     
         577  -173.00000000000000     
         578  -173.00000000000000     
         579  -173.00000000000000     
         580  -173.00000000000000     
         581  -173.00000000000000     
         582  -173.00000000000000     
         583  -173.00000000000000     
         584  -173.00000000000000     
         585  -173.00000000000000     
         586  -173.00000000000000     
         587  -173.00000000000000     
         588  -173.00000000000000     
         589  -174.00000000000000     
         590  -174.00000000000000     
         591  -174.00000000000000     
         592  -174.00000000000000     
         593  -174.00000000000000     
         594  -174.00000000000000     
         595  -174.00000000000000     
         596  -174.00000000000000     
         597  -174.00000000000000     
         598  -174.00000000000000     
         599  -174.00000000000000     
         600  -174.00000000000000     
         601  -174.00000000000000     
         602  -174.00000000000000     
         603  -173.00000000000000     
         604  -173.00000000000000     
         605  -174.00000000000000     
         606  -174.00000000000000     
         607  -173.00000000000000     
         608  -173.00000000000000     
         609  -173.00000000000000     
         610  -173.00000000000000     
         611  -173.00000000000000     
         612  -173.00000000000000     
         613  -173.00000000000000     
         614  -173.00000000000000     
         615  -173.00000000000000     
         616  -173.00000000000000     
         617  -173.00000000000000     
         618  -173.00000000000000     
         619  -173.00000000000000     
         620  -173.00000000000000     
         621  -173.00000000000000     
         622  -173.00000000000000     
         623  -173.00000000000000     
         624  -173.00000000000000     
         625  -173.00000000000000     
         626  -173.00000000000000     
         627  -173.00000000000000     
         628  -173.00000000000000     
         629  -173.00000000000000     
         630  -174.00000000000000     
         631  -174.00000000000000     
         632  -174.00000000000000     
         633  -174.00000000000000     
         634  -174.00000000000000     
         635  -174.00000000000000     
         636  -174.00000000000000     
         637  -174.00000000000000     
         638  -174.00000000000000     
         639  -174.00000000000000     
         640  -174.00000000000000     
         641  -174.00000000000000     
         642  -175.00000000000000     
         643  -175.00000000000000     
         644  -175.00000000000000     
         645  -175.00000000000000     
         646  -175.00000000000000     
         647  -176.00000000000000     
         648  -177.00000000000000     
         649  -177.00000000000000     
         650  -177.00000000000000     
         651  -177.00000000000000     
         652  -177.00000000000000     
         653  -177.00000000000000     
         654  -177.00000000000000     
         655  -177.00000000000000     
         656  -177.00000000000000     
         657  -178.00000000000000     
         658  -178.00000000000000     
         659  -178.00000000000000     
         660  -178.00000000000000     
         661  -178.00000000000000     
         662  -179.00000000000000     
         663  -179.00000000000000     
         664  -179.00000000000000     
         665  -179.00000000000000     
         666  -179.00000000000000     
         667  -179.00000000000000     
         668  -179.00000000000000     
         669  -179.00000000000000     
         670  -179.00000000000000     
         671  -179.00000000000000     
         672  -179.00000000000000     
         673  -179.00000000000000     
         674  -180.00000000000000     
         675  -180.00000000000000     
         676  -180.00000000000000     
         677  -180.00000000000000     
         678  -181.00000000000000     
         679  -181.00000000000000     
         680  -181.00000000000000     
         681  -181.00000000000000     
         682  -181.00000000000000     
         683  -181.00000000000000     
         684  -181.00000000000000     
         685  -181.00000000000000     
         686  -181.00000000000000     
         687  -181.00000000000000     
         688  -181.00000000000000     
         689  -182.00000000000000     
         690  -182.00000000000000     
         691  -182.00000000000000     
         692  -182.00000000000000     
         693  -182.00000000000000     
         694  -182.00000000000000     
         695  -182.00000000000000     
         696  -182.00000000000000     
         697  -182.00000000000000     
         698  -182.00000000000000     
         699  -182.00000000000000     
         700  -182.00000000000000     
         701  -182.00000000000000     
         702  -182.00000000000000     
         703  -182.00000000000000     
         704  -182.00000000000000     
         705  -183.00000000000000     
         706  -183.00000000000000     
         707  -183.00000000000000     
         708  -183.00000000000000     
         709  -183.00000000000000     
         710  -183.00000000000000     
         711  -183.00000000000000     
         712  -183.00000000000000     
         713  -183.00000000000000     
         714  -183.00000000000000     
         715  -183.00000000000000     
         716  -183.00000000000000     
         717  -183.00000000000000     
         718  -183.00000000000000     
         719  -184.00000000000000     
         720  -184.00000000000000     
         721  -184.00000000000000     
         722  -184.00000000000000     
         723  -184.00000000000000     
         724  -185.00000000000000     
         725  -186.00000000000000     
         726  -186.00000000000000     
         727  -187.00000000000000     
         728  -187.00000000000000     
         729  -187.00000000000000     
         730  -187.00000000000000     
         731  -187.00000000000000     
         732  -187.00000000000000     
         733  -187.00000000000000     
         734  -187.00000000000000     
         735  -187.00000000000000     
         736  -187.00000000000000     
         737  -187.00000000000000     
         738  -187.00000000000000     
         739  -187.00000000000000     
         740  -187.00000000000000     
         741  -187.00000000000000     
         742  -187.00000000000000     
         743  -187.00000000000000     
         744  -187.00000000000000     
         745  -187.00000000000000     
         746  -187.00000000000000     
         747  -187.00000000000000     
         748  -188.00000000000000     
         749  -188.00000000000000     
         750  -188.00000000000000     
         751  -188.00000000000000     
         752  -188.00000000000000     
         753  -188.00000000000000     
         754  -188.00000000000000     
         755  -188.00000000000000     
         756  -188.00000000000000     
         757  -189.00000000000000     
         758  -189.00000000000000     
         759  -189.00000000000000     
         760  -189.00000000000000     
         761  -189.00000000000000     
         762  -189.00000000000000     
         763  -189.00000000000000     
         764  -189.00000000000000     
         765  -189.00000000000000     
         766  -189.00000000000000     
         767  -189.00000000000000     
         768  -189.00000000000000     
         769  -189.00000000000000     
         770  -189.00000000000000     
         771  -189.00000000000000     
         772  -189.00000000000000     
         773  -189.00000000000000     
         774  -189.00000000000000     
         775  -189.00000000000000     
         776  -188.00000000000000     
         777  -188.00000000000000     
         778  -188.00000000000000     
         779  -188.00000000000000     
         780  -188.00000000000000     
         781  -188.00000000000000     
         782  -188.00000000000000     
         783  -188.00000000000000     
         784  -188.00000000000000     
         785  -188.00000000000000     
         786  -188.00000000000000     
         787  -188.00000000000000     
         788  -189.00000000000000     
         789  -189.00000000000000     
         790  -189.00000000000000     
         791  -189.00000000000000     
         792  -189.00000000000000     
         793  -189.00000000000000     
         794  -189.00000000000000     
         795  -189.00000000000000     
         796  -189.00000000000000     
         797  -189.00000000000000     
         798  -189.00000000000000     
         799  -189.00000000000000     
         800  -189.00000000000000     
         801  -189.00000000000000     
         802  -189.00000000000000     
         803  -189.00000000000000     
         804  -189.00000000000000     
         805  -189.00000000000000     
         806  -189.00000000000000     
         807  -189.00000000000000     
         808  -189.00000000000000     
         809  -189.00000000000000     
         810  -189.00000000000000     
         811  -189.00000000000000     
         812  -189.00000000000000     
         813  -189.00000000000000     
         814  -189.00000000000000     
         815  -189.00000000000000     
         816  -189.00000000000000     
         817  -189.00000000000000     
         818  -189.00000000000000     
         819  -189.00000000000000     
         820  -189.00000000000000     
         821  -189.00000000000000     
         822  -190.00000000000000     
         823  -190.00000000000000     
         824  -190.00000000000000     
         825  -190.00000000000000     
         826  -190.00000000000000     
         827  -190.00000000000000     
         828  -190.00000000000000     
         829  -190.00000000000000     
         830  -190.00000000000000     
         831  -190.00000000000000     
         832  -191.00000000000000     
         833  -191.00000000000000     
         834  -191.00000000000000     
         835  -191.00000000000000     
         836  -191.00000000000000     
         837  -191.00000000000000     
         838  -191.00000000000000     
         839  -191.00000000000000     
         840  -191.00000000000000     
         841  -191.00000000000000     
         842  -192.00000000000000     
         843  -192.00000000000000     
         844  -192.00000000000000     
         845  -192.00000000000000     
         846  -192.00000000000000     
         847  -192.00000000000000     
         848  -192.00000000000000     
         849  -192.00000000000000     
         850  -192.00000000000000     
         851  -192.00000000000000     
         852  -192.00000000000000     
         853  -192.00000000000000     
         854  -192.00000000000000     
         855  -192.00000000000000     
         856  -192.00000000000000     
         857  -192.00000000000000     
         858  -192.00000000000000     
         859  -192.00000000000000     
         860  -192.00000000000000     
         861  -192.00000000000000     
         862  -192.00000000000000     
         863  -192.00000000000000     
         864  -192.00000000000000     
         865  -192.00000000000000     
         866  -192.00000000000000     
         867  -193.00000000000000     
         868  -193.00000000000000     
         869  -193.00000000000000     
         870  -193.00000000000000     
         871  -193.00000000000000     
         872  -193.00000000000000     
         873  -193.00000000000000     
         874  -193.00000000000000     
         875  -192.00000000000000     
         876  -192.00000000000000     
         877  -192.00000000000000     
         878  -192.00000000000000     
         879  -192.00000000000000     
         880  -192.00000000000000     
         881  -192.00000000000000     
         882  -193.00000000000000     
         883  -193.00000000000000     
         884  -193.00000000000000     
         885  -193.00000000000000     
         886  -193.00000000000000     
         887  -193.00000000000000     
         888  -193.00000000000000     
         889  -193.00000000000000     
         890  -193.00000000000000     
         891  -193.00000000000000     
         892  -193.00000000000000     
         893  -193.00000000000000     
         894  -193.00000000000000     
         895  -193.00000000000000     
         896  -193.00000000000000     
         897  -194.00000000000000     
         898  -194.00000000000000     
         899  -194.00000000000000     
         900  -194.00000000000000     
         901  -194.00000000000000     
         902  -194.00000000000000     
         903  -194.00000000000000     
         904  -194.00000000000000     
         905  -194.00000000000000     
         906  -194.00000000000000     
         907  -194.00000000000000     
         908  -194.00000000000000     
         909  -194.00000000000000     
         910  -194.00000000000000     
         911  -195.00000000000000     
         912  -195.00000000000000     
         913  -195.00000000000000     
         914  -195.00000000000000     
         915  -195.00000000000000     
         916  -196.00000000000000     
         917  -196.00000000000000     
         918  -196.00000000000000     
         919  -196.00000000000000     
         920  -196.00000000000000     
         921  -196.00000000000000     
         922  -197.00000000000000     
         923  -197.00000000000000     
         924  -197.00000000000000     
         925  -198.00000000000000     
         926  -198.00000000000000     
         927  -198.00000000000000     
         928  -198.00000000000000     
         929  -198.00000000000000     
         930  -198.00000000000000     
         931  -198.00000000000000     
         932  -198.00000000000000     
         933  -198.00000000000000     
         934  -199.00000000000000     
         935  -197.00000000000000     
         936  -197.00000000000000     
         937  -197.00000000000000     
         938  -198.00000000000000     
         939  -198.00000000000000     
         940  -198.00000000000000     
         941  -198.00000000000000     
         942  -198.00000000000000     
         943  -198.00000000000000     
         944  -198.00000000000000     
         945  -198.00000000000000     
         946  -199.00000000000000     
         947  -199.00000000000000     
         948  -200.00000000000000     
         949  -200.00000000000000     
         950  -200.00000000000000     
         951  -200.00000000000000     
         952  -200.00000000000000     
         953  -200.00000000000000     
         954  -200.00000000000000     
         955  -200.00000000000000     
         956  -200.00000000000000     
         957  -200.00000000000000     
         958  -200.00000000000000     
         959  -200.00000000000000     
         960  -200.00000000000000     
         961  -200.00000000000000     
         962  -200.00000000000000     
         963  -200.00000000000000     
         964  -200.00000000000000     
         965  -200.00000000000000     
         966  -200.00000000000000     
         967  -200.00000000000000     
         968  -200.00000000000000     
         969  -200.00000000000000     
         970  -200.00000000000000     
         971  -200.00000000000000     
         972  -200.00000000000000     
         973  -200.00000000000000     
         974  -200.00000000000000     
         975  -200.00000000000000     
         976  -200.00000000000000     
         977  -200.00000000000000     
         978  -201.00000000000000     
         979  -201.00000000000000     
         980  -201.00000000000000     
         981  -201.00000000000000     
         982  -201.00000000000000     
         983  -201.00000000000000     
         984  -201.00000000000000     
         985  -201.00000000000000     
         986  -201.00000000000000     
         987  -201.00000000000000     
         988  -201.00000000000000     
         989  -201.00000000000000     
         990  -201.00000000000000     
         991  -201.00000000000000     
         992  -201.00000000000000     
         993  -201.00000000000000     
         994  -201.00000000000000     
         995  -201.00000000000000     
         996  -202.00000000000000     
         997  -202.00000000000000     
         998  -202.00000000000000     
         999  -202.00000000000000     
        1000  -202.00000000000000     
