           0          62
           1          60
           2          58
           3          56
           4          54
           5          53
           6          51
           7          49
           8          47
           9          45
          10          43
          11          43
          12          41
          13          39
          14          37
          15          37
          16          35
          17          33
          18          33
          19          31
          20          31
          21          29
          22          28
          23          26
          24          24
          25          22
          26          22
          27          22
          28          20
          29          20
          30          20
          31          18
          32          17
          33          17
          34          17
          35          17
          36          15
          37          15
          38          15
          39          13
          40          14
          41          14
          42          14
          43          14
          44          14
          45          12
          46          10
          47          10
          48          10
          49          10
          50          10
          51          10
          52          10
          53           8
          54           8
          55           6
          56           4
          57           4
          58           4
          59           3
          60           3
          61           2
          62           3
          63           3
          64           4
          65           4
          66           4
          67           4
          68           2
          69           2
          70           2
          71           2
          72           4
          73           4
          74           4
          75           3
          76           3
          77           3
          78           3
          79           3
          80           3
          81           3
          82           4
          83           4
          84           4
          85           4
          86           4
          87           4
          88           4
          89           3
          90           3
          91           3
          92           3
          93           1
          94           1
          95           1
          96           1
          97           1
          98           1
          99           1
         100           1
         101          -1
         102          -1
         103          -1
         104          -1
         105          -1
         106          -1
         107          -1
         108          -1
         109          -1
         110          -1
         111          -1
         112          -1
         113          -1
         114          -1
         115          -1
         116          -1
         117          -1
         118          -1
         119          -1
         120          -1
         121          -1
         122          -1
         123          -3
         124          -3
         125          -3
         126          -3
         127          -3
         128          -3
         129          -3
         130          -3
         131          -3
         132          -3
         133          -3
         134          -3
         135          -3
         136          -3
         137          -3
         138          -3
         139          -3
         140          -3
         141          -3
         142          -3
         143          -3
         144          -3
         145          -3
         146          -3
         147          -3
         148          -3
         149          -3
         150          -3
         151          -3
         152          -3
         153          -3
         154          -3
         155          -3
         156          -3
         157          -3
         158          -3
         159          -3
         160          -3
         161          -3
         162          -3
         163          -3
         164          -3
         165          -3
         166          -3
         167          -3
         168          -3
         169          -3
         170          -3
         171          -4
         172          -4
         173          -4
         174          -4
         175          -4
         176          -4
         177          -4
         178          -4
         179          -4
         180          -4
         181          -4
         182          -4
         183          -4
         184          -4
         185          -4
         186          -4
         187          -4
         188          -4
         189          -4
         190          -4
         191          -4
         192          -4
         193          -4
         194          -4
         195          -4
         196          -4
         197          -4
         198          -4
         199          -4
         200          -4
         201          -4
         202          -4
         203          -4
         204          -4
         205          -4
         206          -4
         207          -4
         208          -4
         209          -4
         210          -4
         211          -4
         212          -4
         213          -4
         214          -4
         215          -4
         216          -4
         217          -4
         218          -4
         219          -4
         220          -4
         221          -4
         222          -4
         223          -4
         224          -4
         225          -4
         226          -4
         227          -4
         228          -4
         229          -4
         230          -4
         231          -4
         232          -4
         233          -4
         234          -4
         235          -4
         236          -4
         237          -4
         238          -4
         239          -4
         240          -4
         241          -4
         242          -4
         243          -4
         244          -4
         245          -4
         246          -4
         247          -4
         248          -4
         249          -4
         250          -4
         251          -4
         252          -4
         253          -4
         254          -4
         255          -4
         256          -4
         257          -4
         258          -4
         259          -4
         260          -4
         261          -4
         262          -4
         263          -4
         264          -5
         265          -5
         266          -5
         267          -5
         268          -5
         269          -5
         270          -5
         271          -5
         272          -5
         273          -5
         274          -5
         275          -5
         276          -5
         277          -5
         278          -5
         279          -5
         280          -5
         281          -5
         282          -5
         283          -5
         284          -5
         285          -5
         286          -5
         287          -5
         288          -5
         289          -5
         290          -5
         291          -5
         292          -5
         293          -5
         294          -5
         295          -5
         296          -5
         297          -5
         298          -5
         299          -5
         300          -5
         301          -5
         302          -5
         303          -5
         304          -5
         305          -5
         306          -5
         307          -5
         308          -5
         309          -5
         310          -5
         311          -5
         312          -5
         313          -5
         314          -5
         315          -5
         316          -5
         317          -5
         318          -5
         319          -5
         320          -5
         321          -5
         322          -5
         323          -5
         324          -5
         325          -5
         326          -5
         327          -5
         328          -5
         329          -5
         330          -5
         331          -5
         332          -5
         333          -5
         334          -5
         335          -5
         336          -5
         337          -5
         338          -5
         339          -5
         340          -5
         341          -5
         342          -5
         343          -5
         344          -5
         345          -5
         346          -5
         347          -5
         348          -5
         349          -5
         350          -5
         351          -5
         352          -5
         353          -5
         354          -4
         355          -4
         356          -4
         357          -4
         358          -4
         359          -4
         360          -4
         361          -4
         362          -4
         363          -4
         364          -4
         365          -4
         366          -4
         367          -4
         368          -4
         369          -4
         370          -4
         371          -4
         372          -4
         373          -4
         374          -4
         375          -5
         376          -5
         377          -5
         378          -5
         379          -5
         380          -5
         381          -5
         382          -5
         383          -5
         384          -5
         385          -5
         386          -5
         387          -5
         388          -5
         389          -5
         390          -5
         391          -5
         392          -5
         393          -5
         394          -5
         395          -5
         396          -5
         397          -5
         398          -5
         399          -5
         400          -5
         401          -5
         402          -5
         403          -5
         404          -5
         405          -5
         406          -5
         407          -5
         408          -5
         409          -5
         410          -5
         411          -5
         412          -5
         413          -5
         414          -5
         415          -5
         416          -5
         417          -5
         418          -5
         419          -5
         420          -5
         421          -5
         422          -5
         423          -5
         424          -5
         425          -5
         426          -5
         427          -5
         428          -5
         429          -5
         430          -5
         431          -5
         432          -5
         433          -5
         434          -5
         435          -5
         436          -5
         437          -5
         438          -5
         439          -5
         440          -5
         441          -5
         442          -5
         443          -5
         444          -5
         445          -5
         446          -5
         447          -5
         448          -5
         449          -5
         450          -5
         451          -5
         452          -5
         453          -5
         454          -5
         455          -5
         456          -5
         457          -5
         458          -5
         459          -5
         460          -5
         461          -5
         462          -5
         463          -5
         464          -5
         465          -5
         466          -5
         467          -5
         468          -4
         469          -4
         470          -4
         471          -4
         472          -4
         473          -4
         474          -4
         475          -4
         476          -4
         477          -4
         478          -4
         479          -4
         480          -4
         481          -4
         482          -4
         483          -4
         484          -4
         485          -4
         486          -4
         487          -4
         488          -4
         489          -4
         490          -4
         491          -4
         492          -4
         493          -4
         494          -4
         495          -4
         496          -4
         497          -4
         498          -4
         499          -4
         500          -4
         501          -4
         502          -4
         503          -4
         504          -4
         505          -4
         506          -4
         507          -4
         508          -4
         509          -4
         510          -4
         511          -4
         512          -4
         513          -4
         514          -4
         515          -6
         516          -6
         517          -6
         518          -6
         519          -6
         520          -6
         521          -6
         522          -6
         523          -6
         524          -6
         525          -6
         526          -6
         527          -6
         528          -6
         529          -6
         530          -6
         531          -6
         532          -6
         533          -6
         534          -6
         535          -6
         536          -6
         537          -6
         538          -6
         539          -6
         540          -6
         541          -6
         542          -6
         543          -6
         544          -6
         545          -6
         546          -6
         547          -6
         548          -6
         549          -6
         550          -6
         551          -6
         552          -6
         553          -6
         554          -6
         555          -6
         556          -6
         557          -6
         558          -6
         559          -6
         560          -6
         561          -6
         562          -6
         563          -6
         564          -6
         565          -6
         566          -6
         567          -6
         568          -6
         569          -6
         570          -6
         571          -6
         572          -6
         573          -6
         574          -6
         575          -6
         576          -6
         577          -6
         578          -6
         579          -6
         580          -6
         581          -6
         582          -6
         583          -6
         584          -6
         585          -6
         586          -6
         587          -6
         588          -6
         589          -6
         590          -6
         591          -6
         592          -6
         593          -6
         594          -6
         595          -6
         596          -6
         597          -6
         598          -6
         599          -6
         600          -6
         601          -6
         602          -6
         603          -6
         604          -6
         605          -6
         606          -6
         607          -6
         608          -6
         609          -6
         610          -6
         611          -6
         612          -6
         613          -6
         614          -6
         615          -6
         616          -6
         617          -6
         618          -6
         619          -6
         620          -6
         621          -6
         622          -6
         623          -6
         624          -6
         625          -6
         626          -6
         627          -6
         628          -6
         629          -6
         630          -6
         631          -6
         632          -6
         633          -6
         634          -6
         635          -6
         636          -6
         637          -6
         638          -6
         639          -6
         640          -6
         641          -6
         642          -6
         643          -6
         644          -6
         645          -6
         646          -6
         647          -6
         648          -6
         649          -6
         650          -6
         651          -6
         652          -6
         653          -6
         654          -6
         655          -6
         656          -6
         657          -6
         658          -6
         659          -6
         660          -6
         661          -6
         662          -6
         663          -6
         664          -6
         665          -6
         666          -6
         667          -6
         668          -6
         669          -6
         670          -6
         671          -6
         672          -6
         673          -6
         674          -6
         675          -6
         676          -6
         677          -6
         678          -6
         679          -6
         680          -6
         681          -6
         682          -6
         683          -6
         684          -6
         685          -6
         686          -6
         687          -6
         688          -6
         689          -6
         690          -6
         691          -6
         692          -6
         693          -6
         694          -6
         695          -6
         696          -6
         697          -6
         698          -6
         699          -6
         700          -6
         701          -6
         702          -6
         703          -6
         704          -6
         705          -6
         706          -6
         707          -6
         708          -6
         709          -6
         710          -6
         711          -6
         712          -6
         713          -6
         714          -6
         715          -6
         716          -6
         717          -6
         718          -6
         719          -6
         720          -6
         721          -6
         722          -6
         723          -6
         724          -6
         725          -6
         726          -6
         727          -6
         728          -6
         729          -6
         730          -6
         731          -6
         732          -6
         733          -6
         734          -6
         735          -6
         736          -6
         737          -6
         738          -6
         739          -6
         740          -6
         741          -6
         742          -6
         743          -6
         744          -6
         745          -6
         746          -6
         747          -6
         748          -6
         749          -6
         750          -6
         751          -6
         752          -6
         753          -6
         754          -6
         755          -6
         756          -6
         757          -6
         758          -6
         759          -6
         760          -6
         761          -6
         762          -6
         763          -6
         764          -6
         765          -6
         766          -6
         767          -6
         768          -6
         769          -6
         770          -6
         771          -6
         772          -6
         773          -6
         774          -6
         775          -6
         776          -6
         777          -6
         778          -6
         779          -6
         780          -6
         781          -6
         782          -6
         783          -6
         784          -6
         785          -6
         786          -6
         787          -6
         788          -6
         789          -6
         790          -6
         791          -6
         792          -6
         793          -6
         794          -6
         795          -6
         796          -6
         797          -6
         798          -6
         799          -6
         800          -6
         801          -6
         802          -6
         803          -6
         804          -6
         805          -6
         806          -6
         807          -6
         808          -6
         809          -6
         810          -6
         811          -6
         812          -6
         813          -6
         814          -6
         815          -6
         816          -6
         817          -6
         818          -6
         819          -6
         820          -6
         821          -6
         822          -6
         823          -6
         824          -6
         825          -6
         826          -6
         827          -6
         828          -6
         829          -6
         830          -6
         831          -6
         832          -6
         833          -6
         834          -6
         835          -6
         836          -6
         837          -6
         838          -6
         839          -6
         840          -6
         841          -6
         842          -6
         843          -6
         844          -6
         845          -6
         846          -6
         847          -6
         848          -6
         849          -6
         850          -6
         851          -6
         852          -6
         853          -6
         854          -6
         855          -6
         856          -6
         857          -6
         858          -6
         859          -6
         860          -6
         861          -6
         862          -6
         863          -6
         864          -6
         865          -6
         866          -6
         867          -6
         868          -6
         869          -6
         870          -6
         871          -6
         872          -6
         873          -6
         874          -6
         875          -6
         876          -6
         877          -6
         878          -6
         879          -6
         880          -6
         881          -6
         882          -6
         883          -6
         884          -6
         885          -6
         886          -6
         887          -6
         888          -6
         889          -6
         890          -6
         891          -6
         892          -6
         893          -6
         894          -6
         895          -6
         896          -6
         897          -6
         898          -6
         899          -6
         900          -6
         901          -6
         902          -6
         903          -6
         904          -6
         905          -6
         906          -6
         907          -6
         908          -6
         909          -6
         910          -6
         911          -6
         912          -6
         913          -6
         914          -6
         915          -6
         916          -6
         917          -6
         918          -6
         919          -6
         920          -6
         921          -6
         922          -6
         923          -6
         924          -6
         925          -6
         926          -6
         927          -6
         928          -6
         929          -6
         930          -6
         931          -6
         932          -6
         933          -6
         934          -6
         935          -6
         936          -6
         937          -6
         938          -6
         939          -6
         940          -6
         941          -6
         942          -6
         943          -6
         944          -6
         945          -6
         946          -6
         947          -6
         948          -6
         949          -6
         950          -6
         951          -6
         952          -6
         953          -6
         954          -6
         955          -6
         956          -6
         957          -6
         958          -6
         959          -6
         960          -6
         961          -6
         962          -6
         963          -6
         964          -6
         965          -6
         966          -6
         967          -6
         968          -6
         969          -6
         970          -6
         971          -6
         972          -6
         973          -6
         974          -6
         975          -6
         976          -6
         977          -6
         978          -6
         979          -6
         980          -6
         981          -6
         982          -6
         983          -6
         984          -6
         985          -6
         986          -6
         987          -6
         988          -6
         989          -6
         990          -6
         991          -6
         992          -6
         993          -6
         994          -6
         995          -6
         996          -6
         997          -6
         998          -6
         999          -6
        1000          -6
